2017-09-20 17:16:41,519 manager INFO 1.1.0
2017-09-20 17:16:41,519 manager INFO Copyright (C) 2003-2010
2017-09-20 17:16:41,519 manager INFO   Noriaki Ando
2017-09-20 17:16:41,519 manager INFO   Intelligent Systems Research Institute, AIST
2017-09-20 17:16:41,519 manager INFO Manager starting.
2017-09-20 17:16:41,519 manager INFO Starting local logging.
2017-09-20 17:16:41,523 manager.namingmanager INFO NameServer connection succeeded: corba/localhost
2017-09-20 17:16:43,529 ManagerServant INFO Master manager not found
2017-09-20 17:16:43,530 manager WARNING Traceback (most recent call last):
  File "C:\Python27\lib\site-packages\OpenRTM_aist\Manager.py", line 1900, in initManagerServant
    reffile = file(self._config.getProperty("manager.refstring_path"),'w')
IOError: [Errno 2] No such file or directory: '/var/log/rtcmanager.ref'

2017-09-20 17:16:43,530 LocalServiceAdmin INFO All the local services are enabled.
2017-09-20 17:16:43,535 manager INFO Component type conf file: AizuRobo.conf loaded.
2017-09-20 17:16:43,536 ec_base INFO setRate(1000000.000000) done
2017-09-20 17:16:43,536 ec_base INFO setRate(1000.000000) done
2017-09-20 17:16:43,536 rtobject INFO 1 execution context was created.
2017-09-20 17:16:43,538 rtobject INFO Initial active configuration set is default-set.
2017-09-20 17:17:16,575 SdoServiceAdmin WARNING No available SDO service in the factory: 
2017-09-20 17:17:16,575 SdoServiceAdmin ERROR type  already exists.
2017-09-20 17:17:16,594 SdoServiceAdmin WARNING No available SDO service in the factory: IDL:OpenRTM/ComponentObserver:1.0
2017-09-20 17:17:16,594 SdoServiceAdmin ERROR type d277890b-4644-466e-a5f3-4e8fd5a9a886 already exists.
