2017-09-15 15:25:41,091 manager INFO 1.1.0
2017-09-15 15:25:41,091 manager INFO Copyright (C) 2003-2010
2017-09-15 15:25:41,091 manager INFO   Noriaki Ando
2017-09-15 15:25:41,092 manager INFO   Intelligent Systems Research Institute, AIST
2017-09-15 15:25:41,092 manager INFO Manager starting.
2017-09-15 15:25:41,092 manager INFO Starting local logging.
2017-09-15 15:25:41,095 manager.namingmanager INFO NameServer connection succeeded: corba/localhost
2017-09-15 15:25:43,115 ManagerServant INFO Master manager not found
2017-09-15 15:25:43,115 manager WARNING Traceback (most recent call last):
  File "C:\Python27\lib\site-packages\OpenRTM_aist\Manager.py", line 1900, in initManagerServant
    reffile = file(self._config.getProperty("manager.refstring_path"),'w')
IOError: [Errno 2] No such file or directory: '/var/log/rtcmanager.ref'

2017-09-15 15:25:43,115 LocalServiceAdmin INFO All the local services are enabled.
2017-09-15 15:25:43,118 manager INFO Component type conf file: AizuRobo.conf loaded.
2017-09-15 15:25:43,119 ec_base INFO setRate(1000000.000000) done
2017-09-15 15:25:43,119 ec_base INFO setRate(1000.000000) done
2017-09-15 15:25:43,119 rtobject INFO 1 execution context was created.
2017-09-15 15:25:43,121 rtobject INFO Initial active configuration set is default-set.
2017-09-15 15:25:45,691 SdoServiceAdmin WARNING No available SDO service in the factory: 
2017-09-15 15:25:45,691 SdoServiceAdmin ERROR type  already exists.
2017-09-15 15:25:45,693 SdoServiceAdmin WARNING No available SDO service in the factory: IDL:OpenRTM/ComponentObserver:1.0
2017-09-15 15:25:45,693 SdoServiceAdmin ERROR type 55bbd432-749f-4e2a-ae48-a44d96d474a4 already exists.
2017-09-15 15:25:54,717 rtobject ERROR Traceback (most recent call last):
  File "C:\Python27\lib\site-packages\OpenRTM_aist\RTObject.py", line 1319, in on_activated
    ret = self.onActivated(ec_id)
  File "C:\Users\fumi0\workspace\Raspi_AizuRobo\AizuRobo.py", line 161, in onActivated
    self._d_Analog.data[i] = 0;
TypeError: 'NoneType' object does not support item assignment

2017-09-15 15:26:01,176 ec_worker ERROR State of the RTC is not ACTIVE_STATE.
